  [1m[36m (40.5ms)[0m  [1mCREATE TABLE "schema_migrations" ("version" varchar(255) NOT NULL) [0m
  [1m[35m (46.5ms)[0m  CREATE UNIQUE INDEX "unique_schema_migrations" ON "schema_migrations" ("version")
  [1m[36mActiveRecord::SchemaMigration Load (0.2ms)[0m  [1mSELECT "schema_migrations".* FROM "schema_migrations"[0m
Migrating to CreateUsers (20140622173045)
  [1m[35m (0.1ms)[0m  begin transaction
  [1m[36m (4.4ms)[0m  [1mCREATE TABLE "users" ("id" INTEGER PRIMARY KEY AUTOINCREMENT NOT NULL, "name" varchar(255), "email" varchar(255), "created_at" datetime, "updated_at" datetime) [0m
  [1m[35mSQL (4.9ms)[0m  INSERT INTO "schema_migrations" ("version") VALUES (?)  [["version", "20140622173045"]]
  [1m[36m (88.9ms)[0m  [1mcommit transaction[0m
  [1m[35mActiveRecord::SchemaMigration Load (0.2ms)[0m  SELECT "schema_migrations".* FROM "schema_migrations"


Started GET "/" for 127.9.134.129 at 2014-06-22 13:37:16 -0400
  [1m[36mActiveRecord::SchemaMigration Load (0.2ms)[0m  [1mSELECT "schema_migrations".* FROM "schema_migrations"[0m
Processing by Rails::WelcomeController#index as HTML
  Rendered /usr/libexec/openshift/cartridges/c9-0.1/root/lib/ruby/gems/gems/railties-4.0.0/lib/rails/templates/rails/welcome/index.html.erb (4.6ms)
Completed 200 OK in 284ms (Views: 186.6ms | ActiveRecord: 0.0ms)


Started GET "/users" for 127.9.134.129 at 2014-06-22 13:37:42 -0400
Processing by UsersController#index as HTML
  [1m[35mUser Load (0.3ms)[0m  SELECT "users".* FROM "users"
  Rendered users/index.html.erb within layouts/application (3.2ms)
Completed 200 OK in 3517ms (Views: 3512.3ms | ActiveRecord: 0.3ms)


Started GET "/assets/application.css?body=1" for 127.9.134.129 at 2014-06-22 13:37:46 -0400


Started GET "/assets/scaffolds.css?body=1" for 127.9.134.129 at 2014-06-22 13:37:46 -0400


Started GET "/assets/turbolinks.js?body=1" for 127.9.134.129 at 2014-06-22 13:37:46 -0400


Started GET "/assets/jquery_ujs.js?body=1" for 127.9.134.129 at 2014-06-22 13:37:46 -0400


Started GET "/assets/application.js?body=1" for 127.9.134.129 at 2014-06-22 13:37:46 -0400


Started GET "/assets/users.css?body=1" for 127.9.134.129 at 2014-06-22 13:37:47 -0400


Started GET "/assets/users.js?body=1" for 127.9.134.129 at 2014-06-22 13:37:47 -0400


Started GET "/assets/jquery.js?body=1" for 127.9.134.129 at 2014-06-22 13:37:47 -0400


Started GET "/users/new" for 127.9.134.129 at 2014-06-22 13:37:51 -0400
Processing by UsersController#new as HTML
  Rendered users/_form.html.erb (216.0ms)
  Rendered users/new.html.erb within layouts/application (227.5ms)
Completed 200 OK in 311ms (Views: 308.0ms | ActiveRecord: 0.6ms)


Started POST "/users" for 127.9.134.129 at 2014-06-22 13:38:10 -0400
Processing by UsersController#create as HTML
  Parameters: {"utf8"=>"✓", "authenticity_token"=>"KhkTFaus3n19ponXwI8z0UKyODH7MGSd4DnzRcYJ8Iw=", "user"=>{"name"=>"John Doe", "email"=>"JohnDoe@nowhere.com"}, "commit"=>"Create User"}
  [1m[36m (0.2ms)[0m  [1mbegin transaction[0m
  [1m[35mSQL (57.1ms)[0m  INSERT INTO "users" ("created_at", "email", "name", "updated_at") VALUES (?, ?, ?, ?)  [["created_at", Sun, 22 Jun 2014 17:38:10 UTC +00:00], ["email", "JohnDoe@nowhere.com"], ["name", "John Doe"], ["updated_at", Sun, 22 Jun 2014 17:38:10 UTC +00:00]]
  [1m[36m (16.0ms)[0m  [1mcommit transaction[0m
Redirected to http://project-livec9aeacec6d06.rhcloud.com/users/1
Completed 302 Found in 146ms (ActiveRecord: 73.3ms)


Started GET "/users/1" for 127.9.134.129 at 2014-06-22 13:38:11 -0400
Processing by UsersController#show as HTML
  Parameters: {"id"=>"1"}
  [1m[35mUser Load (0.4ms)[0m  SELECT "users".* FROM "users" WHERE "users"."id" = ? LIMIT 1  [["id", "1"]]
  Rendered users/show.html.erb within layouts/application (1.3ms)
Completed 200 OK in 13ms (Views: 8.6ms | ActiveRecord: 0.4ms)


Started GET "/users/1/edit" for 127.9.134.129 at 2014-06-22 13:38:59 -0400
Processing by UsersController#edit as HTML
  Parameters: {"id"=>"1"}
  [1m[36mUser Load (0.2ms)[0m  [1mSELECT "users".* FROM "users" WHERE "users"."id" = ? LIMIT 1[0m  [["id", "1"]]
  Rendered users/_form.html.erb (4.2ms)
  Rendered users/edit.html.erb within layouts/application (7.2ms)
Completed 200 OK in 59ms (Views: 56.0ms | ActiveRecord: 0.2ms)


Started PATCH "/users/1" for 127.9.134.129 at 2014-06-22 13:39:04 -0400
Processing by UsersController#update as HTML
  Parameters: {"utf8"=>"✓", "authenticity_token"=>"KhkTFaus3n19ponXwI8z0UKyODH7MGSd4DnzRcYJ8Iw=", "user"=>{"name"=>"John P. Doe", "email"=>"JohnDoe@nowhere.com"}, "commit"=>"Update User", "id"=>"1"}
  [1m[35mUser Load (0.2ms)[0m  SELECT "users".* FROM "users" WHERE "users"."id" = ? LIMIT 1  [["id", "1"]]
  [1m[36m (0.1ms)[0m  [1mbegin transaction[0m
  [1m[35mSQL (5.0ms)[0m  UPDATE "users" SET "name" = ?, "updated_at" = ? WHERE "users"."id" = 1  [["name", "John P. Doe"], ["updated_at", Sun, 22 Jun 2014 17:39:04 UTC +00:00]]
  [1m[36m (18.9ms)[0m  [1mcommit transaction[0m
Redirected to http://project-livec9aeacec6d06.rhcloud.com/users/1
Completed 302 Found in 33ms (ActiveRecord: 24.2ms)


Started GET "/users/1" for 127.9.134.129 at 2014-06-22 13:39:05 -0400
Processing by UsersController#show as HTML
  Parameters: {"id"=>"1"}
  [1m[35mUser Load (0.5ms)[0m  SELECT "users".* FROM "users" WHERE "users"."id" = ? LIMIT 1  [["id", "1"]]
  Rendered users/show.html.erb within layouts/application (1.1ms)
Completed 200 OK in 11ms (Views: 7.8ms | ActiveRecord: 0.5ms)


Started GET "/assets/users.js?body=1" for 127.9.134.129 at 2014-06-22 13:39:06 -0400


Started GET "/assets/users.css?body=1" for 127.9.134.129 at 2014-06-22 13:39:06 -0400


Started GET "/assets/scaffolds.css?body=1" for 127.9.134.129 at 2014-06-22 13:39:06 -0400
  [1m[36mActiveRecord::SchemaMigration Load (0.2ms)[0m  [1mSELECT "schema_migrations".* FROM "schema_migrations"[0m
Migrating to CreateMicroposts (20140622175848)
  [1m[35m (0.1ms)[0m  begin transaction
  [1m[36m (4.5ms)[0m  [1mCREATE TABLE "microposts" ("id" INTEGER PRIMARY KEY AUTOINCREMENT NOT NULL, "content" varchar(255), "user_id" integer, "created_at" datetime, "updated_at" datetime) [0m
  [1m[35mSQL (5.0ms)[0m  INSERT INTO "schema_migrations" ("version") VALUES (?)  [["version", "20140622175848"]]
  [1m[36m (121.9ms)[0m  [1mcommit transaction[0m
  [1m[35mActiveRecord::SchemaMigration Load (0.2ms)[0m  SELECT "schema_migrations".* FROM "schema_migrations"


Started GET "/" for 127.9.134.129 at 2014-06-22 14:10:30 -0400
  [1m[36mActiveRecord::SchemaMigration Load (0.2ms)[0m  [1mSELECT "schema_migrations".* FROM "schema_migrations"[0m
Processing by Rails::WelcomeController#index as HTML
  Rendered /usr/libexec/openshift/cartridges/c9-0.1/root/lib/ruby/gems/gems/railties-4.0.0/lib/rails/templates/rails/welcome/index.html.erb (4.8ms)
Completed 200 OK in 214ms (Views: 116.6ms | ActiveRecord: 0.0ms)


Started GET "/micropost" for 127.9.134.129 at 2014-06-22 14:10:40 -0400

ActionController::RoutingError (No route matches [GET] "/micropost"):
  actionpack (4.0.0) lib/action_dispatch/middleware/debug_exceptions.rb:21:in `call'
  actionpack (4.0.0) lib/action_dispatch/middleware/show_exceptions.rb:30:in `call'
  railties (4.0.0) lib/rails/rack/logger.rb:38:in `call_app'
  railties (4.0.0) lib/rails/rack/logger.rb:21:in `block in call'
  activesupport (4.0.0) lib/active_support/tagged_logging.rb:67:in `block in tagged'
  activesupport (4.0.0) lib/active_support/tagged_logging.rb:25:in `tagged'
  activesupport (4.0.0) lib/active_support/tagged_logging.rb:67:in `tagged'
  railties (4.0.0) lib/rails/rack/logger.rb:21:in `call'
  actionpack (4.0.0) lib/action_dispatch/middleware/request_id.rb:21:in `call'
  rack (1.5.2) lib/rack/methodoverride.rb:21:in `call'
  rack (1.5.2) lib/rack/runtime.rb:17:in `call'
  activesupport (4.0.0) lib/active_support/cache/strategy/local_cache.rb:83:in `call'
  rack (1.5.2) lib/rack/lock.rb:17:in `call'
  actionpack (4.0.0) lib/action_dispatch/middleware/static.rb:64:in `call'
  railties (4.0.0) lib/rails/engine.rb:511:in `call'
  railties (4.0.0) lib/rails/application.rb:97:in `call'
  rack (1.5.2) lib/rack/lock.rb:17:in `call'
  rack (1.5.2) lib/rack/content_length.rb:14:in `call'
  rack (1.5.2) lib/rack/handler/webrick.rb:60:in `service'
  /opt/rh/ruby193/root/usr/share/ruby/webrick/httpserver.rb:138:in `service'
  /opt/rh/ruby193/root/usr/share/ruby/webrick/httpserver.rb:94:in `run'
  /opt/rh/ruby193/root/usr/share/ruby/webrick/server.rb:191:in `block in start_thread'


  Rendered /usr/libexec/openshift/cartridges/c9-0.1/root/lib/ruby/gems/gems/actionpack-4.0.0/lib/action_dispatch/middleware/templates/rescues/_trace.erb (1.6ms)
  Rendered /usr/libexec/openshift/cartridges/c9-0.1/root/lib/ruby/gems/gems/actionpack-4.0.0/lib/action_dispatch/middleware/templates/routes/_route.html.erb (2.3ms)
  Rendered /usr/libexec/openshift/cartridges/c9-0.1/root/lib/ruby/gems/gems/actionpack-4.0.0/lib/action_dispatch/middleware/templates/routes/_table.html.erb (90.4ms)
  Rendered /usr/libexec/openshift/cartridges/c9-0.1/root/lib/ruby/gems/gems/actionpack-4.0.0/lib/action_dispatch/middleware/templates/rescues/routing_error.erb within rescues/layout (242.3ms)


Started GET "/microposts" for 127.9.134.129 at 2014-06-22 14:10:52 -0400
Processing by MicropostsController#index as HTML
  [1m[35mMicropost Load (0.3ms)[0m  SELECT "microposts".* FROM "microposts"
  Rendered microposts/index.html.erb within layouts/application (2.0ms)
Completed 200 OK in 1356ms (Views: 1352.4ms | ActiveRecord: 0.3ms)


Started GET "/assets/users.css?body=1" for 127.9.134.129 at 2014-06-22 14:10:54 -0400


Started GET "/assets/scaffolds.css?body=1" for 127.9.134.129 at 2014-06-22 14:10:54 -0400


Started GET "/assets/jquery_ujs.js?body=1" for 127.9.134.129 at 2014-06-22 14:10:54 -0400


Started GET "/assets/microposts.css?body=1" for 127.9.134.129 at 2014-06-22 14:10:54 -0400


Started GET "/assets/microposts.js?body=1" for 127.9.134.129 at 2014-06-22 14:10:54 -0400


Started GET "/assets/jquery.js?body=1" for 127.9.134.129 at 2014-06-22 14:10:54 -0400


Started GET "/assets/turbolinks.js?body=1" for 127.9.134.129 at 2014-06-22 14:10:54 -0400


Started GET "/assets/users.js?body=1" for 127.9.134.129 at 2014-06-22 14:10:54 -0400


Started GET "/microposts/new" for 127.9.134.129 at 2014-06-22 14:10:57 -0400
Processing by MicropostsController#new as HTML
  Rendered microposts/_form.html.erb (130.0ms)
  Rendered microposts/new.html.erb within layouts/application (133.3ms)
Completed 200 OK in 225ms (Views: 220.5ms | ActiveRecord: 0.7ms)


Started POST "/microposts" for 127.9.134.129 at 2014-06-22 14:11:12 -0400
Processing by MicropostsController#create as HTML
  Parameters: {"utf8"=>"✓", "authenticity_token"=>"KhkTFaus3n19ponXwI8z0UKyODH7MGSd4DnzRcYJ8Iw=", "micropost"=>{"content"=>"This is first post", "user_id"=>"1"}, "commit"=>"Create Micropost"}
  [1m[36m (0.2ms)[0m  [1mbegin transaction[0m
  [1m[35mSQL (100.7ms)[0m  INSERT INTO "microposts" ("content", "created_at", "updated_at", "user_id") VALUES (?, ?, ?, ?)  [["content", "This is first post"], ["created_at", Sun, 22 Jun 2014 18:11:12 UTC +00:00], ["updated_at", Sun, 22 Jun 2014 18:11:12 UTC +00:00], ["user_id", 1]]
  [1m[36m (48.3ms)[0m  [1mcommit transaction[0m
Redirected to http://project-livec9aeacec6d06.rhcloud.com/microposts/1
Completed 302 Found in 159ms (ActiveRecord: 149.1ms)


Started GET "/microposts/1" for 127.9.134.129 at 2014-06-22 14:11:12 -0400
Processing by MicropostsController#show as HTML
  Parameters: {"id"=>"1"}
  [1m[35mMicropost Load (0.4ms)[0m  SELECT "microposts".* FROM "microposts" WHERE "microposts"."id" = ? LIMIT 1  [["id", "1"]]
  Rendered microposts/show.html.erb within layouts/application (1.3ms)
Completed 200 OK in 14ms (Views: 9.7ms | ActiveRecord: 0.4ms)


Started GET "/assets/scaffolds.css?body=1" for 127.9.134.129 at 2014-06-22 14:11:12 -0400


Started GET "/assets/users.css?body=1" for 127.9.134.129 at 2014-06-22 14:11:12 -0400


Started GET "/assets/users.js?body=1" for 127.9.134.129 at 2014-06-22 14:11:12 -0400


Started GET "/assets/turbolinks.js?body=1" for 127.9.134.129 at 2014-06-22 14:11:12 -0400


Started GET "/assets/jquery_ujs.js?body=1" for 127.9.134.129 at 2014-06-22 14:11:12 -0400


Started GET "/assets/jquery.js?body=1" for 127.9.134.129 at 2014-06-22 14:11:12 -0400


Started GET "/microposts" for 127.9.134.129 at 2014-06-22 14:11:36 -0400
Processing by MicropostsController#index as HTML
  [1m[36mMicropost Load (0.4ms)[0m  [1mSELECT "microposts".* FROM "microposts"[0m
  Rendered microposts/index.html.erb within layouts/application (92.0ms)
Completed 200 OK in 109ms (Views: 107.1ms | ActiveRecord: 0.4ms)


Started GET "/microposts/new" for 127.9.134.129 at 2014-06-22 14:11:38 -0400
Processing by MicropostsController#new as HTML
  Rendered microposts/_form.html.erb (3.7ms)
  Rendered microposts/new.html.erb within layouts/application (11.1ms)
Completed 200 OK in 22ms (Views: 21.0ms | ActiveRecord: 0.0ms)


Started POST "/microposts" for 127.9.134.129 at 2014-06-22 14:11:52 -0400
Processing by MicropostsController#create as HTML
  Parameters: {"utf8"=>"✓", "authenticity_token"=>"KhkTFaus3n19ponXwI8z0UKyODH7MGSd4DnzRcYJ8Iw=", "micropost"=>{"content"=>"This is a second post", "user_id"=>"1"}, "commit"=>"Create Micropost"}
  [1m[35m (0.1ms)[0m  begin transaction
  [1m[36mSQL (5.3ms)[0m  [1mINSERT INTO "microposts" ("content", "created_at", "updated_at", "user_id") VALUES (?, ?, ?, ?)[0m  [["content", "This is a second post"], ["created_at", Sun, 22 Jun 2014 18:11:52 UTC +00:00], ["updated_at", Sun, 22 Jun 2014 18:11:52 UTC +00:00], ["user_id", 1]]
  [1m[35m (35.7ms)[0m  commit transaction
Redirected to http://project-livec9aeacec6d06.rhcloud.com/microposts/2
Completed 302 Found in 46ms (ActiveRecord: 41.1ms)


Started GET "/microposts/2" for 127.9.134.129 at 2014-06-22 14:11:52 -0400
Processing by MicropostsController#show as HTML
  Parameters: {"id"=>"2"}
  [1m[36mMicropost Load (0.2ms)[0m  [1mSELECT "microposts".* FROM "microposts" WHERE "microposts"."id" = ? LIMIT 1[0m  [["id", "2"]]
  Rendered microposts/show.html.erb within layouts/application (0.5ms)
Completed 200 OK in 12ms (Views: 8.8ms | ActiveRecord: 0.2ms)


Started GET "/assets/scaffolds.css?body=1" for 127.9.134.129 at 2014-06-22 14:11:52 -0400


Started GET "/assets/users.css?body=1" for 127.9.134.129 at 2014-06-22 14:11:52 -0400


Started GET "/assets/jquery_ujs.js?body=1" for 127.9.134.129 at 2014-06-22 14:11:52 -0400


Started GET "/assets/jquery.js?body=1" for 127.9.134.129 at 2014-06-22 14:11:52 -0400


Started GET "/assets/turbolinks.js?body=1" for 127.9.134.129 at 2014-06-22 14:11:52 -0400


Started GET "/assets/users.js?body=1" for 127.9.134.129 at 2014-06-22 14:11:52 -0400


Started GET "/microposts" for 127.9.134.129 at 2014-06-22 14:11:56 -0400
Processing by MicropostsController#index as HTML
  [1m[35mMicropost Load (0.3ms)[0m  SELECT "microposts".* FROM "microposts"
  Rendered microposts/index.html.erb within layouts/application (2.7ms)
Completed 200 OK in 12ms (Views: 10.4ms | ActiveRecord: 0.3ms)


Started GET "/microposts/1" for 127.9.134.129 at 2014-06-22 14:12:06 -0400
Processing by MicropostsController#show as HTML
  Parameters: {"id"=>"1"}
  [1m[36mMicropost Load (0.2ms)[0m  [1mSELECT "microposts".* FROM "microposts" WHERE "microposts"."id" = ? LIMIT 1[0m  [["id", "1"]]
  Rendered microposts/show.html.erb within layouts/application (1.6ms)
Completed 200 OK in 14ms (Views: 10.3ms | ActiveRecord: 0.2ms)


Started GET "/microposts" for 127.9.134.129 at 2014-06-22 14:14:51 -0400
  [1m[36mActiveRecord::SchemaMigration Load (0.2ms)[0m  [1mSELECT "schema_migrations".* FROM "schema_migrations"[0m
Processing by MicropostsController#index as HTML
  [1m[35mMicropost Load (0.4ms)[0m  SELECT "microposts".* FROM "microposts"
  Rendered microposts/index.html.erb within layouts/application (92.6ms)
Completed 200 OK in 491ms (Views: 390.9ms | ActiveRecord: 0.7ms)


Started GET "/assets/users.css?body=1" for 127.9.134.129 at 2014-06-22 14:14:54 -0400


Started GET "/assets/microposts.css?body=1" for 127.9.134.129 at 2014-06-22 14:14:54 -0400


Started GET "/assets/turbolinks.js?body=1" for 127.9.134.129 at 2014-06-22 14:14:54 -0400


Started GET "/assets/scaffolds.css?body=1" for 127.9.134.129 at 2014-06-22 14:14:54 -0400


Started GET "/assets/jquery_ujs.js?body=1" for 127.9.134.129 at 2014-06-22 14:14:54 -0400


Started GET "/assets/microposts.js?body=1" for 127.9.134.129 at 2014-06-22 14:14:54 -0400


Started GET "/assets/jquery.js?body=1" for 127.9.134.129 at 2014-06-22 14:14:54 -0400


Started GET "/assets/users.js?body=1" for 127.9.134.129 at 2014-06-22 14:14:54 -0400


Started GET "/microposts/new" for 127.9.134.129 at 2014-06-22 14:14:57 -0400
Processing by MicropostsController#new as HTML
  Rendered microposts/_form.html.erb (257.7ms)
  Rendered microposts/new.html.erb within layouts/application (268.1ms)
Completed 200 OK in 278ms (Views: 276.3ms | ActiveRecord: 0.0ms)


Started POST "/microposts" for 127.9.134.129 at 2014-06-22 14:15:19 -0400
Processing by MicropostsController#create as HTML
  Parameters: {"utf8"=>"✓", "authenticity_token"=>"KhkTFaus3n19ponXwI8z0UKyODH7MGSd4DnzRcYJ8Iw=", "micropost"=>{"content"=>"This should be longer than the amount of text I can validly put into a micropost", "user_id"=>"1"}, "commit"=>"Create Micropost"}
  [1m[36m (0.2ms)[0m  [1mbegin transaction[0m
  [1m[35m (0.2ms)[0m  rollback transaction
  Rendered microposts/_form.html.erb (6.9ms)
  Rendered microposts/new.html.erb within layouts/application (9.7ms)
Completed 200 OK in 29ms (Views: 19.4ms | ActiveRecord: 0.3ms)


Started GET "/assets/microposts.css?body=1" for 127.9.134.129 at 2014-06-22 14:15:20 -0400


Started GET "/assets/users.css?body=1" for 127.9.134.129 at 2014-06-22 14:15:20 -0400


Started GET "/assets/scaffolds.css?body=1" for 127.9.134.129 at 2014-06-22 14:15:20 -0400


Started GET "/assets/jquery.js?body=1" for 127.9.134.129 at 2014-06-22 14:15:20 -0400


Started GET "/assets/jquery_ujs.js?body=1" for 127.9.134.129 at 2014-06-22 14:15:20 -0400


Started GET "/assets/turbolinks.js?body=1" for 127.9.134.129 at 2014-06-22 14:15:20 -0400


Started GET "/assets/microposts.js?body=1" for 127.9.134.129 at 2014-06-22 14:15:20 -0400


Started GET "/assets/users.js?body=1" for 127.9.134.129 at 2014-06-22 14:15:20 -0400
  [1m[36mUser Load (0.3ms)[0m  [1mSELECT "users".* FROM "users" ORDER BY "users"."id" ASC LIMIT 1[0m
  [1m[35mMicropost Load (6.4ms)[0m  SELECT "microposts".* FROM "microposts" WHERE "microposts"."user_id" = ?  [["user_id", 1]]
