# Logfile created on 2014-06-22 13:04:38 -0400 by logger.rb/31641
I, [2014-06-22T13:04:38.755432 #340801]  INFO -- : 0:  rake (10.3.2) from /var/lib/stickshift/53a2f2ab4382ecb4c5000239/app-root/data/lib/ruby/gems/specifications/rake-10.3.2.gemspec
I, [2014-06-22T13:04:38.756363 #340801]  INFO -- : 0:  i18n (0.6.9) from /usr/libexec/openshift/cartridges/c9-0.1/root/lib/ruby/gems/specifications/i18n-0.6.9.gemspec
I, [2014-06-22T13:04:38.757140 #340801]  INFO -- : 0:  minitest (4.7.5) from /usr/libexec/openshift/cartridges/c9-0.1/root/lib/ruby/gems/specifications/minitest-4.7.5.gemspec
I, [2014-06-22T13:04:39.957025 #340801]  INFO -- : 0:  multi_json (1.10.1) from /var/lib/stickshift/53a2f2ab4382ecb4c5000239/app-root/data/lib/ruby/gems/specifications/multi_json-1.10.1.gemspec
I, [2014-06-22T13:04:41.436186 #340801]  INFO -- : 0:  thread_safe (0.3.4) from /var/lib/stickshift/53a2f2ab4382ecb4c5000239/app-root/data/lib/ruby/gems/specifications/thread_safe-0.3.4.gemspec
I, [2014-06-22T13:04:47.252813 #340801]  INFO -- : 0:  tzinfo (0.3.39) from /var/lib/stickshift/53a2f2ab4382ecb4c5000239/app-root/data/lib/ruby/gems/specifications/tzinfo-0.3.39.gemspec
I, [2014-06-22T13:04:47.359415 #340801]  INFO -- : 0:  activesupport (4.0.0) from /usr/libexec/openshift/cartridges/c9-0.1/root/lib/ruby/gems/specifications/activesupport-4.0.0.gemspec
I, [2014-06-22T13:04:47.361306 #340801]  INFO -- : 0:  builder (3.1.4) from /usr/libexec/openshift/cartridges/c9-0.1/root/lib/ruby/gems/specifications/builder-3.1.4.gemspec
I, [2014-06-22T13:04:47.410634 #340801]  INFO -- : 0:  erubis (2.7.0) from /usr/libexec/openshift/cartridges/c9-0.1/root/lib/ruby/gems/specifications/erubis-2.7.0.gemspec
I, [2014-06-22T13:04:47.411472 #340801]  INFO -- : 0:  rack (1.5.2) from /usr/libexec/openshift/cartridges/c9-0.1/root/lib/ruby/gems/specifications/rack-1.5.2.gemspec
I, [2014-06-22T13:04:47.434175 #340801]  INFO -- : 0:  rack-test (0.6.2) from /usr/libexec/openshift/cartridges/c9-0.1/root/lib/ruby/gems/specifications/rack-test-0.6.2.gemspec
I, [2014-06-22T13:04:47.434960 #340801]  INFO -- : 0:  actionpack (4.0.0) from /usr/libexec/openshift/cartridges/c9-0.1/root/lib/ruby/gems/specifications/actionpack-4.0.0.gemspec
I, [2014-06-22T13:04:47.435657 #340801]  INFO -- : 0:  mime-types (1.25.1) from /usr/libexec/openshift/cartridges/c9-0.1/root/lib/ruby/gems/specifications/mime-types-1.25.1.gemspec
I, [2014-06-22T13:04:48.158679 #340801]  INFO -- : 0:  polyglot (0.3.5) from /var/lib/stickshift/53a2f2ab4382ecb4c5000239/app-root/data/lib/ruby/gems/specifications/polyglot-0.3.5.gemspec
I, [2014-06-22T13:04:48.159408 #340801]  INFO -- : 0:  treetop (1.4.15) from /usr/libexec/openshift/cartridges/c9-0.1/root/lib/ruby/gems/specifications/treetop-1.4.15.gemspec
I, [2014-06-22T13:04:48.160005 #340801]  INFO -- : 0:  mail (2.5.4) from /usr/libexec/openshift/cartridges/c9-0.1/root/lib/ruby/gems/specifications/mail-2.5.4.gemspec
I, [2014-06-22T13:04:48.160568 #340801]  INFO -- : 0:  actionmailer (4.0.0) from /usr/libexec/openshift/cartridges/c9-0.1/root/lib/ruby/gems/specifications/actionmailer-4.0.0.gemspec
I, [2014-06-22T13:04:48.161109 #340801]  INFO -- : 0:  activemodel (4.0.0) from /usr/libexec/openshift/cartridges/c9-0.1/root/lib/ruby/gems/specifications/activemodel-4.0.0.gemspec
I, [2014-06-22T13:04:48.161690 #340801]  INFO -- : 0:  activerecord-deprecated_finders (1.0.3) from /usr/libexec/openshift/cartridges/c9-0.1/root/lib/ruby/gems/specifications/activerecord-deprecated_finders-1.0.3.gemspec
I, [2014-06-22T13:04:50.143875 #340801]  INFO -- : 0:  arel (4.0.2) from /var/lib/stickshift/53a2f2ab4382ecb4c5000239/app-root/data/lib/ruby/gems/specifications/arel-4.0.2.gemspec
I, [2014-06-22T13:04:50.144987 #340801]  INFO -- : 0:  activerecord (4.0.0) from /usr/libexec/openshift/cartridges/c9-0.1/root/lib/ruby/gems/specifications/activerecord-4.0.0.gemspec
I, [2014-06-22T13:04:50.145586 #340801]  INFO -- : 0:  bundler (1.5.1) from /usr/libexec/openshift/cartridges/c9-0.1/root/lib/ruby/gems/specifications/bundler-1.5.1.gemspec
I, [2014-06-22T13:04:51.840423 #340801]  INFO -- : 0:  coffee-script-source (1.7.0) from /var/lib/stickshift/53a2f2ab4382ecb4c5000239/app-root/data/lib/ruby/gems/specifications/coffee-script-source-1.7.0.gemspec
I, [2014-06-22T13:04:53.057121 #340801]  INFO -- : 0:  execjs (2.2.0) from /var/lib/stickshift/53a2f2ab4382ecb4c5000239/app-root/data/lib/ruby/gems/specifications/execjs-2.2.0.gemspec
I, [2014-06-22T13:04:53.058052 #340801]  INFO -- : 0:  coffee-script (2.2.0) from /usr/libexec/openshift/cartridges/c9-0.1/root/lib/ruby/gems/specifications/coffee-script-2.2.0.gemspec
I, [2014-06-22T13:04:55.256334 #340801]  INFO -- : 0:  thor (0.19.1) from /var/lib/stickshift/53a2f2ab4382ecb4c5000239/app-root/data/lib/ruby/gems/specifications/thor-0.19.1.gemspec
I, [2014-06-22T13:04:55.257236 #340801]  INFO -- : 0:  railties (4.0.0) from /usr/libexec/openshift/cartridges/c9-0.1/root/lib/ruby/gems/specifications/railties-4.0.0.gemspec
I, [2014-06-22T13:04:55.257829 #340801]  INFO -- : 0:  coffee-rails (4.0.1) from /usr/libexec/openshift/cartridges/c9-0.1/root/lib/ruby/gems/specifications/coffee-rails-4.0.1.gemspec
I, [2014-06-22T13:04:55.258400 #340801]  INFO -- : 0:  hike (1.2.3) from /usr/libexec/openshift/cartridges/c9-0.1/root/lib/ruby/gems/specifications/hike-1.2.3.gemspec
I, [2014-06-22T13:04:55.263205 #340801]  INFO -- : 0:  jbuilder (1.5.3) from /usr/libexec/openshift/cartridges/c9-0.1/root/lib/ruby/gems/specifications/jbuilder-1.5.3.gemspec
I, [2014-06-22T13:04:56.552089 #340801]  INFO -- : 0:  jquery-rails (3.1.0) from /var/lib/stickshift/53a2f2ab4382ecb4c5000239/app-root/data/lib/ruby/gems/specifications/jquery-rails-3.1.0.gemspec
I, [2014-06-22T13:04:56.553001 #340801]  INFO -- : 0:  json (1.8.1) from /usr/libexec/openshift/cartridges/c9-0.1/root/lib/ruby/gems/specifications/json-1.8.1.gemspec
I, [2014-06-22T13:04:56.553564 #340801]  INFO -- : 0:  tilt (1.4.1) from /usr/libexec/openshift/cartridges/c9-0.1/root/lib/ruby/gems/specifications/tilt-1.4.1.gemspec
I, [2014-06-22T13:04:57.855057 #340801]  INFO -- : 0:  sprockets (2.11.0) from /var/lib/stickshift/53a2f2ab4382ecb4c5000239/app-root/data/lib/ruby/gems/specifications/sprockets-2.11.0.gemspec
I, [2014-06-22T13:04:57.856142 #340801]  INFO -- : 0:  sprockets-rails (2.0.1) from /usr/libexec/openshift/cartridges/c9-0.1/root/lib/ruby/gems/specifications/sprockets-rails-2.0.1.gemspec
I, [2014-06-22T13:04:57.856826 #340801]  INFO -- : 0:  rails (4.0.0) from /usr/libexec/openshift/cartridges/c9-0.1/root/lib/ruby/gems/specifications/rails-4.0.0.gemspec
I, [2014-06-22T13:04:57.857362 #340801]  INFO -- : 0:  rdoc (4.1.1) from /usr/libexec/openshift/cartridges/c9-0.1/root/lib/ruby/gems/specifications/rdoc-4.1.1.gemspec
I, [2014-06-22T13:05:01.339091 #340801]  INFO -- : 0:  sass (3.2.19) from /var/lib/stickshift/53a2f2ab4382ecb4c5000239/app-root/data/lib/ruby/gems/specifications/sass-3.2.19.gemspec
I, [2014-06-22T13:05:05.567319 #340801]  INFO -- : 0:  sass-rails (4.0.3) from /var/lib/stickshift/53a2f2ab4382ecb4c5000239/app-root/data/lib/ruby/gems/specifications/sass-rails-4.0.3.gemspec
I, [2014-06-22T13:05:05.569230 #340801]  INFO -- : 0:  sdoc (0.4.0) from /usr/libexec/openshift/cartridges/c9-0.1/root/lib/ruby/gems/specifications/sdoc-0.4.0.gemspec
I, [2014-06-22T13:05:27.256476 #340801]  INFO -- : 0:  sqlite3 (1.3.9) from /var/lib/stickshift/53a2f2ab4382ecb4c5000239/app-root/data/lib/ruby/gems/specifications/sqlite3-1.3.9.gemspec
I, [2014-06-22T13:05:28.271218 #340801]  INFO -- : 0:  turbolinks (2.2.2) from /var/lib/stickshift/53a2f2ab4382ecb4c5000239/app-root/data/lib/ruby/gems/specifications/turbolinks-2.2.2.gemspec
I, [2014-06-22T13:05:29.452419 #340801]  INFO -- : 0:  uglifier (2.5.1) from /var/lib/stickshift/53a2f2ab4382ecb4c5000239/app-root/data/lib/ruby/gems/specifications/uglifier-2.5.1.gemspec
I, [2014-06-22T13:06:00.858305 #341791]  INFO -- : 0:  rake (10.3.2) from /var/lib/stickshift/53a2f2ab4382ecb4c5000239/app-root/data/lib/ruby/gems/specifications/rake-10.3.2.gemspec
I, [2014-06-22T13:06:00.859217 #341791]  INFO -- : 0:  i18n (0.6.9) from /usr/libexec/openshift/cartridges/c9-0.1/root/lib/ruby/gems/specifications/i18n-0.6.9.gemspec
I, [2014-06-22T13:06:00.862503 #341791]  INFO -- : 0:  minitest (4.7.5) from /usr/libexec/openshift/cartridges/c9-0.1/root/lib/ruby/gems/specifications/minitest-4.7.5.gemspec
I, [2014-06-22T13:06:00.863333 #341791]  INFO -- : 0:  multi_json (1.10.1) from /var/lib/stickshift/53a2f2ab4382ecb4c5000239/app-root/data/lib/ruby/gems/specifications/multi_json-1.10.1.gemspec
I, [2014-06-22T13:06:00.864190 #341791]  INFO -- : 0:  thread_safe (0.3.4) from /var/lib/stickshift/53a2f2ab4382ecb4c5000239/app-root/data/lib/ruby/gems/specifications/thread_safe-0.3.4.gemspec
I, [2014-06-22T13:06:00.864938 #341791]  INFO -- : 0:  tzinfo (0.3.39) from /var/lib/stickshift/53a2f2ab4382ecb4c5000239/app-root/data/lib/ruby/gems/specifications/tzinfo-0.3.39.gemspec
I, [2014-06-22T13:06:00.865546 #341791]  INFO -- : 0:  activesupport (4.0.0) from /usr/libexec/openshift/cartridges/c9-0.1/root/lib/ruby/gems/specifications/activesupport-4.0.0.gemspec
I, [2014-06-22T13:06:00.934408 #341791]  INFO -- : 0:  builder (3.1.4) from /usr/libexec/openshift/cartridges/c9-0.1/root/lib/ruby/gems/specifications/builder-3.1.4.gemspec
I, [2014-06-22T13:06:00.935097 #341791]  INFO -- : 0:  erubis (2.7.0) from /usr/libexec/openshift/cartridges/c9-0.1/root/lib/ruby/gems/specifications/erubis-2.7.0.gemspec
I, [2014-06-22T13:06:00.935631 #341791]  INFO -- : 0:  rack (1.5.2) from /usr/libexec/openshift/cartridges/c9-0.1/root/lib/ruby/gems/specifications/rack-1.5.2.gemspec
I, [2014-06-22T13:06:00.936207 #341791]  INFO -- : 0:  rack-test (0.6.2) from /usr/libexec/openshift/cartridges/c9-0.1/root/lib/ruby/gems/specifications/rack-test-0.6.2.gemspec
I, [2014-06-22T13:06:00.936740 #341791]  INFO -- : 0:  actionpack (4.0.0) from /usr/libexec/openshift/cartridges/c9-0.1/root/lib/ruby/gems/specifications/actionpack-4.0.0.gemspec
I, [2014-06-22T13:06:00.937364 #341791]  INFO -- : 0:  mime-types (1.25.1) from /usr/libexec/openshift/cartridges/c9-0.1/root/lib/ruby/gems/specifications/mime-types-1.25.1.gemspec
I, [2014-06-22T13:06:00.937999 #341791]  INFO -- : 0:  polyglot (0.3.5) from /var/lib/stickshift/53a2f2ab4382ecb4c5000239/app-root/data/lib/ruby/gems/specifications/polyglot-0.3.5.gemspec
I, [2014-06-22T13:06:00.938559 #341791]  INFO -- : 0:  treetop (1.4.15) from /usr/libexec/openshift/cartridges/c9-0.1/root/lib/ruby/gems/specifications/treetop-1.4.15.gemspec
I, [2014-06-22T13:06:00.939153 #341791]  INFO -- : 0:  mail (2.5.4) from /usr/libexec/openshift/cartridges/c9-0.1/root/lib/ruby/gems/specifications/mail-2.5.4.gemspec
I, [2014-06-22T13:06:00.939704 #341791]  INFO -- : 0:  actionmailer (4.0.0) from /usr/libexec/openshift/cartridges/c9-0.1/root/lib/ruby/gems/specifications/actionmailer-4.0.0.gemspec
I, [2014-06-22T13:06:00.940278 #341791]  INFO -- : 0:  activemodel (4.0.0) from /usr/libexec/openshift/cartridges/c9-0.1/root/lib/ruby/gems/specifications/activemodel-4.0.0.gemspec
I, [2014-06-22T13:06:00.941479 #341791]  INFO -- : 0:  activerecord-deprecated_finders (1.0.3) from /usr/libexec/openshift/cartridges/c9-0.1/root/lib/ruby/gems/specifications/activerecord-deprecated_finders-1.0.3.gemspec
I, [2014-06-22T13:06:00.942112 #341791]  INFO -- : 0:  arel (4.0.2) from /var/lib/stickshift/53a2f2ab4382ecb4c5000239/app-root/data/lib/ruby/gems/specifications/arel-4.0.2.gemspec
I, [2014-06-22T13:06:00.942670 #341791]  INFO -- : 0:  activerecord (4.0.0) from /usr/libexec/openshift/cartridges/c9-0.1/root/lib/ruby/gems/specifications/activerecord-4.0.0.gemspec
I, [2014-06-22T13:06:00.943240 #341791]  INFO -- : 0:  bundler (1.5.1) from /usr/libexec/openshift/cartridges/c9-0.1/root/lib/ruby/gems/specifications/bundler-1.5.1.gemspec
I, [2014-06-22T13:06:00.943847 #341791]  INFO -- : 0:  coffee-script-source (1.7.0) from /var/lib/stickshift/53a2f2ab4382ecb4c5000239/app-root/data/lib/ruby/gems/specifications/coffee-script-source-1.7.0.gemspec
I, [2014-06-22T13:06:00.944390 #341791]  INFO -- : 0:  execjs (2.2.0) from /var/lib/stickshift/53a2f2ab4382ecb4c5000239/app-root/data/lib/ruby/gems/specifications/execjs-2.2.0.gemspec
I, [2014-06-22T13:06:00.945010 #341791]  INFO -- : 0:  coffee-script (2.2.0) from /usr/libexec/openshift/cartridges/c9-0.1/root/lib/ruby/gems/specifications/coffee-script-2.2.0.gemspec
I, [2014-06-22T13:06:00.945579 #341791]  INFO -- : 0:  thor (0.19.1) from /var/lib/stickshift/53a2f2ab4382ecb4c5000239/app-root/data/lib/ruby/gems/specifications/thor-0.19.1.gemspec
I, [2014-06-22T13:06:00.946171 #341791]  INFO -- : 0:  railties (4.0.0) from /usr/libexec/openshift/cartridges/c9-0.1/root/lib/ruby/gems/specifications/railties-4.0.0.gemspec
I, [2014-06-22T13:06:00.946700 #341791]  INFO -- : 0:  coffee-rails (4.0.1) from /usr/libexec/openshift/cartridges/c9-0.1/root/lib/ruby/gems/specifications/coffee-rails-4.0.1.gemspec
I, [2014-06-22T13:06:00.947606 #341791]  INFO -- : 0:  hike (1.2.3) from /usr/libexec/openshift/cartridges/c9-0.1/root/lib/ruby/gems/specifications/hike-1.2.3.gemspec
I, [2014-06-22T13:06:00.948230 #341791]  INFO -- : 0:  jbuilder (1.5.3) from /usr/libexec/openshift/cartridges/c9-0.1/root/lib/ruby/gems/specifications/jbuilder-1.5.3.gemspec
I, [2014-06-22T13:06:00.948902 #341791]  INFO -- : 0:  jquery-rails (3.1.0) from /var/lib/stickshift/53a2f2ab4382ecb4c5000239/app-root/data/lib/ruby/gems/specifications/jquery-rails-3.1.0.gemspec
I, [2014-06-22T13:06:00.949447 #341791]  INFO -- : 0:  json (1.8.1) from /usr/libexec/openshift/cartridges/c9-0.1/root/lib/ruby/gems/specifications/json-1.8.1.gemspec
I, [2014-06-22T13:06:00.950028 #341791]  INFO -- : 0:  tilt (1.4.1) from /usr/libexec/openshift/cartridges/c9-0.1/root/lib/ruby/gems/specifications/tilt-1.4.1.gemspec
I, [2014-06-22T13:06:00.950580 #341791]  INFO -- : 0:  sprockets (2.11.0) from /var/lib/stickshift/53a2f2ab4382ecb4c5000239/app-root/data/lib/ruby/gems/specifications/sprockets-2.11.0.gemspec
I, [2014-06-22T13:06:00.951200 #341791]  INFO -- : 0:  sprockets-rails (2.0.1) from /usr/libexec/openshift/cartridges/c9-0.1/root/lib/ruby/gems/specifications/sprockets-rails-2.0.1.gemspec
I, [2014-06-22T13:06:00.951732 #341791]  INFO -- : 0:  rails (4.0.0) from /usr/libexec/openshift/cartridges/c9-0.1/root/lib/ruby/gems/specifications/rails-4.0.0.gemspec
I, [2014-06-22T13:06:00.952377 #341791]  INFO -- : 0:  rdoc (4.1.1) from /usr/libexec/openshift/cartridges/c9-0.1/root/lib/ruby/gems/specifications/rdoc-4.1.1.gemspec
I, [2014-06-22T13:06:00.953034 #341791]  INFO -- : 0:  sass (3.2.19) from /var/lib/stickshift/53a2f2ab4382ecb4c5000239/app-root/data/lib/ruby/gems/specifications/sass-3.2.19.gemspec
I, [2014-06-22T13:06:00.953607 #341791]  INFO -- : 0:  sass-rails (4.0.3) from /var/lib/stickshift/53a2f2ab4382ecb4c5000239/app-root/data/lib/ruby/gems/specifications/sass-rails-4.0.3.gemspec
I, [2014-06-22T13:06:00.954195 #341791]  INFO -- : 0:  sdoc (0.4.0) from /usr/libexec/openshift/cartridges/c9-0.1/root/lib/ruby/gems/specifications/sdoc-0.4.0.gemspec
I, [2014-06-22T13:06:00.954717 #341791]  INFO -- : 0:  sqlite3 (1.3.9) from /var/lib/stickshift/53a2f2ab4382ecb4c5000239/app-root/data/lib/ruby/gems/specifications/sqlite3-1.3.9.gemspec
I, [2014-06-22T13:06:00.955330 #341791]  INFO -- : 0:  turbolinks (2.2.2) from /var/lib/stickshift/53a2f2ab4382ecb4c5000239/app-root/data/lib/ruby/gems/specifications/turbolinks-2.2.2.gemspec
I, [2014-06-22T13:06:00.955934 #341791]  INFO -- : 0:  uglifier (2.5.1) from /var/lib/stickshift/53a2f2ab4382ecb4c5000239/app-root/data/lib/ruby/gems/specifications/uglifier-2.5.1.gemspec
I, [2014-06-22T13:06:12.959928 #341979]  INFO -- : 0:  rake (10.3.2) from /var/lib/stickshift/53a2f2ab4382ecb4c5000239/app-root/data/lib/ruby/gems/specifications/rake-10.3.2.gemspec
I, [2014-06-22T13:06:12.960671 #341979]  INFO -- : 0:  i18n (0.6.9) from /usr/libexec/openshift/cartridges/c9-0.1/root/lib/ruby/gems/specifications/i18n-0.6.9.gemspec
I, [2014-06-22T13:06:12.961207 #341979]  INFO -- : 0:  minitest (4.7.5) from /usr/libexec/openshift/cartridges/c9-0.1/root/lib/ruby/gems/specifications/minitest-4.7.5.gemspec
I, [2014-06-22T13:06:12.961711 #341979]  INFO -- : 0:  multi_json (1.10.1) from /var/lib/stickshift/53a2f2ab4382ecb4c5000239/app-root/data/lib/ruby/gems/specifications/multi_json-1.10.1.gemspec
I, [2014-06-22T13:06:12.962248 #341979]  INFO -- : 0:  thread_safe (0.3.4) from /var/lib/stickshift/53a2f2ab4382ecb4c5000239/app-root/data/lib/ruby/gems/specifications/thread_safe-0.3.4.gemspec
I, [2014-06-22T13:06:13.033639 #341979]  INFO -- : 0:  tzinfo (0.3.39) from /var/lib/stickshift/53a2f2ab4382ecb4c5000239/app-root/data/lib/ruby/gems/specifications/tzinfo-0.3.39.gemspec
I, [2014-06-22T13:06:13.034447 #341979]  INFO -- : 0:  activesupport (4.0.0) from /usr/libexec/openshift/cartridges/c9-0.1/root/lib/ruby/gems/specifications/activesupport-4.0.0.gemspec
I, [2014-06-22T13:06:13.034989 #341979]  INFO -- : 0:  builder (3.1.4) from /usr/libexec/openshift/cartridges/c9-0.1/root/lib/ruby/gems/specifications/builder-3.1.4.gemspec
I, [2014-06-22T13:06:13.035484 #341979]  INFO -- : 0:  erubis (2.7.0) from /usr/libexec/openshift/cartridges/c9-0.1/root/lib/ruby/gems/specifications/erubis-2.7.0.gemspec
I, [2014-06-22T13:06:13.036018 #341979]  INFO -- : 0:  rack (1.5.2) from /usr/libexec/openshift/cartridges/c9-0.1/root/lib/ruby/gems/specifications/rack-1.5.2.gemspec
I, [2014-06-22T13:06:13.036509 #341979]  INFO -- : 0:  rack-test (0.6.2) from /usr/libexec/openshift/cartridges/c9-0.1/root/lib/ruby/gems/specifications/rack-test-0.6.2.gemspec
I, [2014-06-22T13:06:13.037033 #341979]  INFO -- : 0:  actionpack (4.0.0) from /usr/libexec/openshift/cartridges/c9-0.1/root/lib/ruby/gems/specifications/actionpack-4.0.0.gemspec
I, [2014-06-22T13:06:13.037523 #341979]  INFO -- : 0:  mime-types (1.25.1) from /usr/libexec/openshift/cartridges/c9-0.1/root/lib/ruby/gems/specifications/mime-types-1.25.1.gemspec
I, [2014-06-22T13:06:13.038103 #341979]  INFO -- : 0:  polyglot (0.3.5) from /var/lib/stickshift/53a2f2ab4382ecb4c5000239/app-root/data/lib/ruby/gems/specifications/polyglot-0.3.5.gemspec
I, [2014-06-22T13:06:13.038648 #341979]  INFO -- : 0:  treetop (1.4.15) from /usr/libexec/openshift/cartridges/c9-0.1/root/lib/ruby/gems/specifications/treetop-1.4.15.gemspec
I, [2014-06-22T13:06:13.039217 #341979]  INFO -- : 0:  mail (2.5.4) from /usr/libexec/openshift/cartridges/c9-0.1/root/lib/ruby/gems/specifications/mail-2.5.4.gemspec
I, [2014-06-22T13:06:13.039838 #341979]  INFO -- : 0:  actionmailer (4.0.0) from /usr/libexec/openshift/cartridges/c9-0.1/root/lib/ruby/gems/specifications/actionmailer-4.0.0.gemspec
I, [2014-06-22T13:06:13.040371 #341979]  INFO -- : 0:  activemodel (4.0.0) from /usr/libexec/openshift/cartridges/c9-0.1/root/lib/ruby/gems/specifications/activemodel-4.0.0.gemspec
I, [2014-06-22T13:06:13.040951 #341979]  INFO -- : 0:  activerecord-deprecated_finders (1.0.3) from /usr/libexec/openshift/cartridges/c9-0.1/root/lib/ruby/gems/specifications/activerecord-deprecated_finders-1.0.3.gemspec
I, [2014-06-22T13:06:13.041482 #341979]  INFO -- : 0:  arel (4.0.2) from /var/lib/stickshift/53a2f2ab4382ecb4c5000239/app-root/data/lib/ruby/gems/specifications/arel-4.0.2.gemspec
I, [2014-06-22T13:06:13.042066 #341979]  INFO -- : 0:  activerecord (4.0.0) from /usr/libexec/openshift/cartridges/c9-0.1/root/lib/ruby/gems/specifications/activerecord-4.0.0.gemspec
I, [2014-06-22T13:06:13.042596 #341979]  INFO -- : 0:  coffee-script-source (1.7.0) from /var/lib/stickshift/53a2f2ab4382ecb4c5000239/app-root/data/lib/ruby/gems/specifications/coffee-script-source-1.7.0.gemspec
I, [2014-06-22T13:06:13.050212 #341979]  INFO -- : 0:  execjs (2.2.0) from /var/lib/stickshift/53a2f2ab4382ecb4c5000239/app-root/data/lib/ruby/gems/specifications/execjs-2.2.0.gemspec
I, [2014-06-22T13:06:13.050838 #341979]  INFO -- : 0:  coffee-script (2.2.0) from /usr/libexec/openshift/cartridges/c9-0.1/root/lib/ruby/gems/specifications/coffee-script-2.2.0.gemspec
I, [2014-06-22T13:06:13.051411 #341979]  INFO -- : 0:  thor (0.19.1) from /var/lib/stickshift/53a2f2ab4382ecb4c5000239/app-root/data/lib/ruby/gems/specifications/thor-0.19.1.gemspec
I, [2014-06-22T13:06:13.051964 #341979]  INFO -- : 0:  railties (4.0.0) from /usr/libexec/openshift/cartridges/c9-0.1/root/lib/ruby/gems/specifications/railties-4.0.0.gemspec
I, [2014-06-22T13:06:13.052466 #341979]  INFO -- : 0:  coffee-rails (4.0.1) from /usr/libexec/openshift/cartridges/c9-0.1/root/lib/ruby/gems/specifications/coffee-rails-4.0.1.gemspec
I, [2014-06-22T13:06:13.053027 #341979]  INFO -- : 0:  hike (1.2.3) from /usr/libexec/openshift/cartridges/c9-0.1/root/lib/ruby/gems/specifications/hike-1.2.3.gemspec
I, [2014-06-22T13:06:13.053532 #341979]  INFO -- : 0:  jbuilder (1.5.3) from /usr/libexec/openshift/cartridges/c9-0.1/root/lib/ruby/gems/specifications/jbuilder-1.5.3.gemspec
I, [2014-06-22T13:06:13.054141 #341979]  INFO -- : 0:  jquery-rails (3.1.0) from /var/lib/stickshift/53a2f2ab4382ecb4c5000239/app-root/data/lib/ruby/gems/specifications/jquery-rails-3.1.0.gemspec
I, [2014-06-22T13:06:13.054644 #341979]  INFO -- : 0:  json (1.8.1) from /usr/libexec/openshift/cartridges/c9-0.1/root/lib/ruby/gems/specifications/json-1.8.1.gemspec
I, [2014-06-22T13:06:13.055171 #341979]  INFO -- : 0:  bundler (1.5.1) from /usr/libexec/openshift/cartridges/c9-0.1/root/lib/ruby/gems/specifications/bundler-1.5.1.gemspec
I, [2014-06-22T13:06:13.055675 #341979]  INFO -- : 0:  tilt (1.4.1) from /usr/libexec/openshift/cartridges/c9-0.1/root/lib/ruby/gems/specifications/tilt-1.4.1.gemspec
I, [2014-06-22T13:06:13.056232 #341979]  INFO -- : 0:  sprockets (2.11.0) from /var/lib/stickshift/53a2f2ab4382ecb4c5000239/app-root/data/lib/ruby/gems/specifications/sprockets-2.11.0.gemspec
I, [2014-06-22T13:06:13.056742 #341979]  INFO -- : 0:  sprockets-rails (2.0.1) from /usr/libexec/openshift/cartridges/c9-0.1/root/lib/ruby/gems/specifications/sprockets-rails-2.0.1.gemspec
I, [2014-06-22T13:06:13.057304 #341979]  INFO -- : 0:  rails (4.0.0) from /usr/libexec/openshift/cartridges/c9-0.1/root/lib/ruby/gems/specifications/rails-4.0.0.gemspec
I, [2014-06-22T13:06:13.057840 #341979]  INFO -- : 0:  rdoc (4.1.1) from /usr/libexec/openshift/cartridges/c9-0.1/root/lib/ruby/gems/specifications/rdoc-4.1.1.gemspec
I, [2014-06-22T13:06:13.058350 #341979]  INFO -- : 0:  sass (3.2.19) from /var/lib/stickshift/53a2f2ab4382ecb4c5000239/app-root/data/lib/ruby/gems/specifications/sass-3.2.19.gemspec
I, [2014-06-22T13:06:13.058900 #341979]  INFO -- : 0:  sass-rails (4.0.3) from /var/lib/stickshift/53a2f2ab4382ecb4c5000239/app-root/data/lib/ruby/gems/specifications/sass-rails-4.0.3.gemspec
I, [2014-06-22T13:06:13.059406 #341979]  INFO -- : 0:  sdoc (0.4.0) from /usr/libexec/openshift/cartridges/c9-0.1/root/lib/ruby/gems/specifications/sdoc-0.4.0.gemspec
I, [2014-06-22T13:06:13.059959 #341979]  INFO -- : 0:  sqlite3 (1.3.9) from /var/lib/stickshift/53a2f2ab4382ecb4c5000239/app-root/data/lib/ruby/gems/specifications/sqlite3-1.3.9.gemspec
I, [2014-06-22T13:06:13.060496 #341979]  INFO -- : 0:  turbolinks (2.2.2) from /var/lib/stickshift/53a2f2ab4382ecb4c5000239/app-root/data/lib/ruby/gems/specifications/turbolinks-2.2.2.gemspec
I, [2014-06-22T13:06:13.061047 #341979]  INFO -- : 0:  uglifier (2.5.1) from /var/lib/stickshift/53a2f2ab4382ecb4c5000239/app-root/data/lib/ruby/gems/specifications/uglifier-2.5.1.gemspec
